{"D:\\1Haktiv8\\Phase3\\fitness-serverside\\app.js": {"path":"D:\\1Haktiv8\\Phase3\\fitness-serverside\\app.js","statementMap":{"0":{"start":{"line":2,"column":0},"end":{"line":2,"column":27}},"1":{"start":{"line":4,"column":13},"end":{"line":4,"column":17}},"2":{"start":{"line":6,"column":16},"end":{"line":6,"column":34}},"3":{"start":{"line":7,"column":13},"end":{"line":7,"column":28}},"4":{"start":{"line":8,"column":12},"end":{"line":8,"column":21}},"5":{"start":{"line":10,"column":15},"end":{"line":10,"column":35}},"6":{"start":{"line":12,"column":0},"end":{"line":12,"column":16}},"7":{"start":{"line":14,"column":0},"end":{"line":14,"column":48}},"8":{"start":{"line":16,"column":0},"end":{"line":16,"column":24}},"9":{"start":{"line":18,"column":0},"end":{"line":18,"column":16}},"10":{"start":{"line":24,"column":0},"end":{"line":24,"column":21}}},"fnMap":{},"branchMap":{},"s":{"0":4,"1":4,"2":4,"3":4,"4":4,"5":4,"6":4,"7":4,"8":4,"9":4,"10":4},"f":{},"b":{},"_coverageSchema":"1a1c01bbd47fc00a2c39e90264f33305004495a9","hash":"74858aa071a7a37f18f6996c72f7db171bdd61b8"}
,"D:\\1Haktiv8\\Phase3\\fitness-serverside\\config\\mongoConn.js": {"path":"D:\\1Haktiv8\\Phase3\\fitness-serverside\\config\\mongoConn.js","statementMap":{"0":{"start":{"line":1,"column":0},"end":{"line":1,"column":27}},"1":{"start":{"line":2,"column":42},"end":{"line":2,"column":60}},"2":{"start":{"line":3,"column":12},"end":{"line":3,"column":33}},"3":{"start":{"line":4,"column":15},"end":{"line":10,"column":2}},"4":{"start":{"line":15,"column":0},"end":{"line":15,"column":22}},"5":{"start":{"line":17,"column":0},"end":{"line":17,"column":20}}},"fnMap":{},"branchMap":{},"s":{"0":4,"1":4,"2":4,"3":4,"4":4,"5":4},"f":{},"b":{},"_coverageSchema":"1a1c01bbd47fc00a2c39e90264f33305004495a9","hash":"29e0a319ed2997a66ebbbbae500a5a41f1fa4b45"}
,"D:\\1Haktiv8\\Phase3\\fitness-serverside\\config\\redisConn.js": {"path":"D:\\1Haktiv8\\Phase3\\fitness-serverside\\config\\redisConn.js","statementMap":{"0":{"start":{"line":1,"column":14},"end":{"line":1,"column":32}},"1":{"start":{"line":3,"column":14},"end":{"line":9,"column":4}},"2":{"start":{"line":11,"column":2},"end":{"line":11,"column":28}}},"fnMap":{},"branchMap":{},"s":{"0":4,"1":4,"2":4},"f":{},"b":{},"_coverageSchema":"1a1c01bbd47fc00a2c39e90264f33305004495a9","hash":"cd57a49548a770316e3707061f8a69f6b846d6c8"}
,"D:\\1Haktiv8\\Phase3\\fitness-serverside\\controllers\\RoutineController.js": {"path":"D:\\1Haktiv8\\Phase3\\fitness-serverside\\controllers\\RoutineController.js","statementMap":{"0":{"start":{"line":2,"column":17},"end":{"line":2,"column":46}},"1":{"start":{"line":3,"column":18},"end":{"line":3,"column":51}},"2":{"start":{"line":4,"column":11},"end":{"line":4,"column":44}},"3":{"start":{"line":5,"column":21},"end":{"line":5,"column":39}},"4":{"start":{"line":10,"column":23},"end":{"line":10,"column":32}},"5":{"start":{"line":12,"column":4},"end":{"line":16,"column":5}},"6":{"start":{"line":13,"column":19},"end":{"line":13,"column":55}},"7":{"start":{"line":14,"column":6},"end":{"line":14,"column":24}},"8":{"start":{"line":15,"column":6},"end":{"line":15,"column":44}},"9":{"start":{"line":17,"column":22},"end":{"line":17,"column":49}},"10":{"start":{"line":18,"column":4},"end":{"line":20,"column":5}},"11":{"start":{"line":19,"column":6},"end":{"line":19,"column":67}},"12":{"start":{"line":22,"column":4},"end":{"line":31,"column":5}},"13":{"start":{"line":24,"column":19},"end":{"line":24,"column":50}},"14":{"start":{"line":26,"column":6},"end":{"line":26,"column":56}},"15":{"start":{"line":28,"column":6},"end":{"line":28,"column":44}},"16":{"start":{"line":30,"column":6},"end":{"line":30,"column":18}},"17":{"start":{"line":36,"column":19},"end":{"line":36,"column":29}},"18":{"start":{"line":37,"column":4},"end":{"line":48,"column":5}},"19":{"start":{"line":38,"column":19},"end":{"line":38,"column":52}},"20":{"start":{"line":39,"column":6},"end":{"line":45,"column":7}},"21":{"start":{"line":40,"column":8},"end":{"line":42,"column":75}},"22":{"start":{"line":44,"column":8},"end":{"line":44,"column":70}},"23":{"start":{"line":47,"column":6},"end":{"line":47,"column":18}},"24":{"start":{"line":53,"column":17},"end":{"line":53,"column":25}},"25":{"start":{"line":56,"column":21},"end":{"line":59,"column":5}},"26":{"start":{"line":60,"column":4},"end":{"line":73,"column":5}},"27":{"start":{"line":61,"column":25},"end":{"line":66,"column":7}},"28":{"start":{"line":67,"column":19},"end":{"line":67,"column":78}},"29":{"start":{"line":69,"column":6},"end":{"line":69,"column":37}},"30":{"start":{"line":72,"column":6},"end":{"line":72,"column":18}},"31":{"start":{"line":78,"column":4},"end":{"line":117,"column":5}},"32":{"start":{"line":81,"column":19},"end":{"line":106,"column":18}},"33":{"start":{"line":107,"column":6},"end":{"line":107,"column":44}},"34":{"start":{"line":107,"column":17},"end":{"line":107,"column":44}},"35":{"start":{"line":109,"column":6},"end":{"line":109,"column":33}},"36":{"start":{"line":112,"column":6},"end":{"line":116,"column":7}},"37":{"start":{"line":113,"column":8},"end":{"line":113,"column":63}},"38":{"start":{"line":115,"column":8},"end":{"line":115,"column":20}},"39":{"start":{"line":121,"column":0},"end":{"line":121,"column":35}}},"fnMap":{"0":{"name":"(anonymous_0)","decl":{"start":{"line":9,"column":2},"end":{"line":9,"column":3}},"loc":{"start":{"line":9,"column":46},"end":{"line":32,"column":3}},"line":9},"1":{"name":"(anonymous_1)","decl":{"start":{"line":35,"column":2},"end":{"line":35,"column":3}},"loc":{"start":{"line":35,"column":46},"end":{"line":49,"column":3}},"line":35},"2":{"name":"(anonymous_2)","decl":{"start":{"line":51,"column":2},"end":{"line":51,"column":3}},"loc":{"start":{"line":51,"column":49},"end":{"line":74,"column":3}},"line":51},"3":{"name":"(anonymous_3)","decl":{"start":{"line":76,"column":2},"end":{"line":76,"column":3}},"loc":{"start":{"line":76,"column":47},"end":{"line":118,"column":3}},"line":76}},"branchMap":{"0":{"loc":{"start":{"line":12,"column":4},"end":{"line":16,"column":5}},"type":"if","locations":[{"start":{"line":12,"column":4},"end":{"line":16,"column":5}},{"start":{},"end":{}}],"line":12},"1":{"loc":{"start":{"line":18,"column":4},"end":{"line":20,"column":5}},"type":"if","locations":[{"start":{"line":18,"column":4},"end":{"line":20,"column":5}},{"start":{},"end":{}}],"line":18},"2":{"loc":{"start":{"line":39,"column":6},"end":{"line":45,"column":7}},"type":"if","locations":[{"start":{"line":39,"column":6},"end":{"line":45,"column":7}},{"start":{"line":43,"column":13},"end":{"line":45,"column":7}}],"line":39},"3":{"loc":{"start":{"line":107,"column":6},"end":{"line":107,"column":44}},"type":"if","locations":[{"start":{"line":107,"column":6},"end":{"line":107,"column":44}},{"start":{},"end":{}}],"line":107},"4":{"loc":{"start":{"line":112,"column":6},"end":{"line":116,"column":7}},"type":"if","locations":[{"start":{"line":112,"column":6},"end":{"line":116,"column":7}},{"start":{"line":114,"column":13},"end":{"line":116,"column":7}}],"line":112}},"s":{"0":4,"1":4,"2":4,"3":4,"4":0,"5":0,"6":0,"7":0,"8":0,"9":0,"10":0,"11":0,"12":0,"13":0,"14":0,"15":0,"16":0,"17":0,"18":0,"19":0,"20":0,"21":0,"22":0,"23":0,"24":0,"25":0,"26":0,"27":0,"28":0,"29":0,"30":0,"31":0,"32":0,"33":0,"34":0,"35":0,"36":0,"37":0,"38":0,"39":4},"f":{"0":0,"1":0,"2":0,"3":0},"b":{"0":[0,0],"1":[0,0],"2":[0,0],"3":[0,0],"4":[0,0]},"_coverageSchema":"1a1c01bbd47fc00a2c39e90264f33305004495a9","hash":"5eee53e4d2eb008b23af357e86050c6cb428693b"}
,"D:\\1Haktiv8\\Phase3\\fitness-serverside\\controllers\\RunningHistoryController.js": {"path":"D:\\1Haktiv8\\Phase3\\fitness-serverside\\controllers\\RunningHistoryController.js","statementMap":{"0":{"start":{"line":1,"column":14},"end":{"line":1,"column":49}},"1":{"start":{"line":5,"column":2},"end":{"line":11,"column":3}},"2":{"start":{"line":6,"column":16},"end":{"line":6,"column":83}},"3":{"start":{"line":7,"column":3},"end":{"line":7,"column":41}},"4":{"start":{"line":9,"column":3},"end":{"line":9,"column":22}},"5":{"start":{"line":10,"column":3},"end":{"line":10,"column":15}},"6":{"start":{"line":15,"column":2},"end":{"line":21,"column":3}},"7":{"start":{"line":16,"column":16},"end":{"line":16,"column":60}},"8":{"start":{"line":17,"column":3},"end":{"line":17,"column":29}},"9":{"start":{"line":19,"column":3},"end":{"line":19,"column":22}},"10":{"start":{"line":20,"column":3},"end":{"line":20,"column":15}},"11":{"start":{"line":25,"column":0},"end":{"line":25,"column":42}}},"fnMap":{"0":{"name":"(anonymous_0)","decl":{"start":{"line":4,"column":1},"end":{"line":4,"column":2}},"loc":{"start":{"line":4,"column":48},"end":{"line":12,"column":2}},"line":4},"1":{"name":"(anonymous_1)","decl":{"start":{"line":14,"column":1},"end":{"line":14,"column":2}},"loc":{"start":{"line":14,"column":50},"end":{"line":22,"column":2}},"line":14}},"branchMap":{},"s":{"0":4,"1":0,"2":0,"3":0,"4":0,"5":0,"6":0,"7":0,"8":0,"9":0,"10":0,"11":4},"f":{"0":0,"1":0},"b":{},"_coverageSchema":"1a1c01bbd47fc00a2c39e90264f33305004495a9","hash":"088627236cb2690dcf48a71f317d279fc744dc8c"}
,"D:\\1Haktiv8\\Phase3\\fitness-serverside\\controllers\\UserController.js": {"path":"D:\\1Haktiv8\\Phase3\\fitness-serverside\\controllers\\UserController.js","statementMap":{"0":{"start":{"line":1,"column":21},"end":{"line":1,"column":39}},"1":{"start":{"line":2,"column":11},"end":{"line":2,"column":41}},"2":{"start":{"line":4,"column":15},"end":{"line":4,"column":34}},"3":{"start":{"line":5,"column":45},"end":{"line":5,"column":72}},"4":{"start":{"line":6,"column":18},"end":{"line":6,"column":36}},"5":{"start":{"line":10,"column":15},"end":{"line":10,"column":23}},"6":{"start":{"line":11,"column":2},"end":{"line":11,"column":27}},"7":{"start":{"line":12,"column":2},"end":{"line":47,"column":3}},"8":{"start":{"line":13,"column":96},"end":{"line":13,"column":104}},"9":{"start":{"line":14,"column":3},"end":{"line":14,"column":80}},"10":{"start":{"line":14,"column":18},"end":{"line":14,"column":80}},"11":{"start":{"line":15,"column":3},"end":{"line":15,"column":74}},"12":{"start":{"line":15,"column":15},"end":{"line":15,"column":74}},"13":{"start":{"line":16,"column":3},"end":{"line":16,"column":80}},"14":{"start":{"line":16,"column":18},"end":{"line":16,"column":80}},"15":{"start":{"line":17,"column":3},"end":{"line":17,"column":76}},"16":{"start":{"line":17,"column":16},"end":{"line":17,"column":76}},"17":{"start":{"line":18,"column":3},"end":{"line":18,"column":76}},"18":{"start":{"line":18,"column":16},"end":{"line":18,"column":76}},"19":{"start":{"line":19,"column":3},"end":{"line":19,"column":70}},"20":{"start":{"line":19,"column":13},"end":{"line":19,"column":70}},"21":{"start":{"line":20,"column":19},"end":{"line":25,"column":4}},"22":{"start":{"line":28,"column":25},"end":{"line":28,"column":75}},"23":{"start":{"line":29,"column":4},"end":{"line":29,"column":36}},"24":{"start":{"line":32,"column":3},"end":{"line":32,"column":108}},"25":{"start":{"line":32,"column":46},"end":{"line":32,"column":108}},"26":{"start":{"line":34,"column":25},"end":{"line":34,"column":72}},"27":{"start":{"line":36,"column":3},"end":{"line":36,"column":83}},"28":{"start":{"line":36,"column":22},"end":{"line":36,"column":83}},"29":{"start":{"line":38,"column":17},"end":{"line":38,"column":66}},"30":{"start":{"line":40,"column":3},"end":{"line":40,"column":57}},"31":{"start":{"line":42,"column":3},"end":{"line":46,"column":4}},"32":{"start":{"line":43,"column":4},"end":{"line":43,"column":53}},"33":{"start":{"line":45,"column":4},"end":{"line":45,"column":63}},"34":{"start":{"line":51,"column":2},"end":{"line":102,"column":3}},"35":{"start":{"line":52,"column":16},"end":{"line":52,"column":24}},"36":{"start":{"line":53,"column":19},"end":{"line":55,"column":4}},"37":{"start":{"line":57,"column":3},"end":{"line":57,"column":88}},"38":{"start":{"line":57,"column":25},"end":{"line":57,"column":88}},"39":{"start":{"line":58,"column":3},"end":{"line":58,"column":94}},"40":{"start":{"line":58,"column":28},"end":{"line":58,"column":94}},"41":{"start":{"line":60,"column":18},"end":{"line":60,"column":82}},"42":{"start":{"line":62,"column":3},"end":{"line":62,"column":49}},"43":{"start":{"line":62,"column":18},"end":{"line":62,"column":49}},"44":{"start":{"line":64,"column":25},"end":{"line":64,"column":75}},"45":{"start":{"line":66,"column":3},"end":{"line":66,"column":56}},"46":{"start":{"line":66,"column":25},"end":{"line":66,"column":56}},"47":{"start":{"line":68,"column":3},"end":{"line":68,"column":74}},"48":{"start":{"line":68,"column":43},"end":{"line":68,"column":74}},"49":{"start":{"line":70,"column":23},"end":{"line":81,"column":5}},"50":{"start":{"line":83,"column":3},"end":{"line":92,"column":6}},"51":{"start":{"line":94,"column":3},"end":{"line":94,"column":22}},"52":{"start":{"line":95,"column":3},"end":{"line":101,"column":4}},"53":{"start":{"line":96,"column":4},"end":{"line":96,"column":53}},"54":{"start":{"line":97,"column":10},"end":{"line":101,"column":4}},"55":{"start":{"line":98,"column":4},"end":{"line":98,"column":67}},"56":{"start":{"line":100,"column":4},"end":{"line":100,"column":63}},"57":{"start":{"line":106,"column":2},"end":{"line":120,"column":3}},"58":{"start":{"line":107,"column":16},"end":{"line":107,"column":24}},"59":{"start":{"line":108,"column":3},"end":{"line":108,"column":30}},"60":{"start":{"line":109,"column":20},"end":{"line":112,"column":4}},"61":{"start":{"line":114,"column":16},"end":{"line":114,"column":110}},"62":{"start":{"line":116,"column":3},"end":{"line":116,"column":66}},"63":{"start":{"line":118,"column":3},"end":{"line":118,"column":22}},"64":{"start":{"line":119,"column":3},"end":{"line":119,"column":15}},"65":{"start":{"line":124,"column":0},"end":{"line":124,"column":32}}},"fnMap":{"0":{"name":"(anonymous_0)","decl":{"start":{"line":9,"column":1},"end":{"line":9,"column":2}},"loc":{"start":{"line":9,"column":39},"end":{"line":48,"column":2}},"line":9},"1":{"name":"validateEmailFormat","decl":{"start":{"line":27,"column":12},"end":{"line":27,"column":31}},"loc":{"start":{"line":27,"column":39},"end":{"line":30,"column":4}},"line":27},"2":{"name":"(anonymous_2)","decl":{"start":{"line":50,"column":1},"end":{"line":50,"column":2}},"loc":{"start":{"line":50,"column":36},"end":{"line":103,"column":2}},"line":50},"3":{"name":"(anonymous_3)","decl":{"start":{"line":105,"column":1},"end":{"line":105,"column":2}},"loc":{"start":{"line":105,"column":41},"end":{"line":121,"column":2}},"line":105}},"branchMap":{"0":{"loc":{"start":{"line":14,"column":3},"end":{"line":14,"column":80}},"type":"if","locations":[{"start":{"line":14,"column":3},"end":{"line":14,"column":80}},{"start":{},"end":{}}],"line":14},"1":{"loc":{"start":{"line":15,"column":3},"end":{"line":15,"column":74}},"type":"if","locations":[{"start":{"line":15,"column":3},"end":{"line":15,"column":74}},{"start":{},"end":{}}],"line":15},"2":{"loc":{"start":{"line":16,"column":3},"end":{"line":16,"column":80}},"type":"if","locations":[{"start":{"line":16,"column":3},"end":{"line":16,"column":80}},{"start":{},"end":{}}],"line":16},"3":{"loc":{"start":{"line":17,"column":3},"end":{"line":17,"column":76}},"type":"if","locations":[{"start":{"line":17,"column":3},"end":{"line":17,"column":76}},{"start":{},"end":{}}],"line":17},"4":{"loc":{"start":{"line":18,"column":3},"end":{"line":18,"column":76}},"type":"if","locations":[{"start":{"line":18,"column":3},"end":{"line":18,"column":76}},{"start":{},"end":{}}],"line":18},"5":{"loc":{"start":{"line":19,"column":3},"end":{"line":19,"column":70}},"type":"if","locations":[{"start":{"line":19,"column":3},"end":{"line":19,"column":70}},{"start":{},"end":{}}],"line":19},"6":{"loc":{"start":{"line":32,"column":3},"end":{"line":32,"column":108}},"type":"if","locations":[{"start":{"line":32,"column":3},"end":{"line":32,"column":108}},{"start":{},"end":{}}],"line":32},"7":{"loc":{"start":{"line":36,"column":3},"end":{"line":36,"column":83}},"type":"if","locations":[{"start":{"line":36,"column":3},"end":{"line":36,"column":83}},{"start":{},"end":{}}],"line":36},"8":{"loc":{"start":{"line":42,"column":3},"end":{"line":46,"column":4}},"type":"if","locations":[{"start":{"line":42,"column":3},"end":{"line":46,"column":4}},{"start":{"line":44,"column":10},"end":{"line":46,"column":4}}],"line":42},"9":{"loc":{"start":{"line":57,"column":3},"end":{"line":57,"column":88}},"type":"if","locations":[{"start":{"line":57,"column":3},"end":{"line":57,"column":88}},{"start":{},"end":{}}],"line":57},"10":{"loc":{"start":{"line":58,"column":3},"end":{"line":58,"column":94}},"type":"if","locations":[{"start":{"line":58,"column":3},"end":{"line":58,"column":94}},{"start":{},"end":{}}],"line":58},"11":{"loc":{"start":{"line":62,"column":3},"end":{"line":62,"column":49}},"type":"if","locations":[{"start":{"line":62,"column":3},"end":{"line":62,"column":49}},{"start":{},"end":{}}],"line":62},"12":{"loc":{"start":{"line":66,"column":3},"end":{"line":66,"column":56}},"type":"if","locations":[{"start":{"line":66,"column":3},"end":{"line":66,"column":56}},{"start":{},"end":{}}],"line":66},"13":{"loc":{"start":{"line":68,"column":3},"end":{"line":68,"column":74}},"type":"if","locations":[{"start":{"line":68,"column":3},"end":{"line":68,"column":74}},{"start":{},"end":{}}],"line":68},"14":{"loc":{"start":{"line":95,"column":3},"end":{"line":101,"column":4}},"type":"if","locations":[{"start":{"line":95,"column":3},"end":{"line":101,"column":4}},{"start":{"line":97,"column":10},"end":{"line":101,"column":4}}],"line":95},"15":{"loc":{"start":{"line":97,"column":10},"end":{"line":101,"column":4}},"type":"if","locations":[{"start":{"line":97,"column":10},"end":{"line":101,"column":4}},{"start":{"line":99,"column":10},"end":{"line":101,"column":4}}],"line":97}},"s":{"0":4,"1":4,"2":4,"3":4,"4":4,"5":9,"6":9,"7":9,"8":9,"9":9,"10":1,"11":8,"12":1,"13":7,"14":1,"15":6,"16":1,"17":5,"18":1,"19":4,"20":4,"21":0,"22":0,"23":0,"24":0,"25":0,"26":0,"27":0,"28":0,"29":0,"30":0,"31":9,"32":9,"33":0,"34":5,"35":5,"36":5,"37":5,"38":4,"39":1,"40":0,"41":1,"42":1,"43":0,"44":1,"45":1,"46":0,"47":1,"48":0,"49":1,"50":1,"51":4,"52":4,"53":4,"54":0,"55":0,"56":0,"57":0,"58":0,"59":0,"60":0,"61":0,"62":0,"63":0,"64":0,"65":4},"f":{"0":9,"1":0,"2":5,"3":0},"b":{"0":[1,8],"1":[1,7],"2":[1,6],"3":[1,5],"4":[1,4],"5":[4,0],"6":[0,0],"7":[0,0],"8":[9,0],"9":[4,1],"10":[0,1],"11":[0,1],"12":[0,1],"13":[0,1],"14":[4,0],"15":[0,0]},"_coverageSchema":"1a1c01bbd47fc00a2c39e90264f33305004495a9","hash":"061f9bf22d30eaefb0a027f1ca52da378d47144b"}
,"D:\\1Haktiv8\\Phase3\\fitness-serverside\\helpers\\index.js": {"path":"D:\\1Haktiv8\\Phase3\\fitness-serverside\\helpers\\index.js","statementMap":{"0":{"start":{"line":1,"column":15},"end":{"line":1,"column":34}},"1":{"start":{"line":2,"column":12},"end":{"line":2,"column":35}},"2":{"start":{"line":4,"column":17},"end":{"line":8,"column":1}},"3":{"start":{"line":5,"column":14},"end":{"line":5,"column":36}},"4":{"start":{"line":6,"column":14},"end":{"line":6,"column":45}},"5":{"start":{"line":7,"column":1},"end":{"line":7,"column":13}},"6":{"start":{"line":10,"column":20},"end":{"line":12,"column":1}},"7":{"start":{"line":11,"column":1},"end":{"line":11,"column":50}},"8":{"start":{"line":14,"column":18},"end":{"line":16,"column":1}},"9":{"start":{"line":15,"column":1},"end":{"line":15,"column":46}},"10":{"start":{"line":18,"column":20},"end":{"line":20,"column":1}},"11":{"start":{"line":19,"column":1},"end":{"line":19,"column":46}},"12":{"start":{"line":22,"column":0},"end":{"line":22,"column":67}}},"fnMap":{"0":{"name":"(anonymous_0)","decl":{"start":{"line":4,"column":17},"end":{"line":4,"column":18}},"loc":{"start":{"line":4,"column":31},"end":{"line":8,"column":1}},"line":4},"1":{"name":"(anonymous_1)","decl":{"start":{"line":10,"column":20},"end":{"line":10,"column":21}},"loc":{"start":{"line":10,"column":47},"end":{"line":12,"column":1}},"line":10},"2":{"name":"(anonymous_2)","decl":{"start":{"line":14,"column":18},"end":{"line":14,"column":19}},"loc":{"start":{"line":14,"column":31},"end":{"line":16,"column":1}},"line":14},"3":{"name":"(anonymous_3)","decl":{"start":{"line":18,"column":20},"end":{"line":18,"column":21}},"loc":{"start":{"line":18,"column":31},"end":{"line":20,"column":1}},"line":18}},"branchMap":{},"s":{"0":4,"1":4,"2":4,"3":1,"4":1,"5":1,"6":4,"7":1,"8":4,"9":1,"10":4,"11":0,"12":4},"f":{"0":1,"1":1,"2":1,"3":0},"b":{},"_coverageSchema":"1a1c01bbd47fc00a2c39e90264f33305004495a9","hash":"edcb892c43e1a4810bc66e38cbdd520592faf74c"}
,"D:\\1Haktiv8\\Phase3\\fitness-serverside\\middlewares\\errorHandler.js": {"path":"D:\\1Haktiv8\\Phase3\\fitness-serverside\\middlewares\\errorHandler.js","statementMap":{"0":{"start":{"line":1,"column":21},"end":{"line":29,"column":1}},"1":{"start":{"line":2,"column":4},"end":{"line":2,"column":43}},"2":{"start":{"line":3,"column":17},"end":{"line":3,"column":34}},"3":{"start":{"line":4,"column":18},"end":{"line":4,"column":56}},"4":{"start":{"line":6,"column":4},"end":{"line":27,"column":5}},"5":{"start":{"line":9,"column":12},"end":{"line":9,"column":25}},"6":{"start":{"line":10,"column":12},"end":{"line":10,"column":38}},"7":{"start":{"line":11,"column":12},"end":{"line":11,"column":18}},"8":{"start":{"line":14,"column":12},"end":{"line":14,"column":59}},"9":{"start":{"line":15,"column":12},"end":{"line":15,"column":18}},"10":{"start":{"line":18,"column":12},"end":{"line":18,"column":59}},"11":{"start":{"line":19,"column":12},"end":{"line":19,"column":18}},"12":{"start":{"line":22,"column":12},"end":{"line":22,"column":59}},"13":{"start":{"line":23,"column":12},"end":{"line":23,"column":18}},"14":{"start":{"line":25,"column":17},"end":{"line":25,"column":76}},"15":{"start":{"line":31,"column":0},"end":{"line":31,"column":29}}},"fnMap":{"0":{"name":"(anonymous_0)","decl":{"start":{"line":1,"column":21},"end":{"line":1,"column":22}},"loc":{"start":{"line":1,"column":46},"end":{"line":29,"column":1}},"line":1}},"branchMap":{"0":{"loc":{"start":{"line":3,"column":17},"end":{"line":3,"column":34}},"type":"binary-expr","locations":[{"start":{"line":3,"column":17},"end":{"line":3,"column":27}},{"start":{"line":3,"column":31},"end":{"line":3,"column":34}}],"line":3},"1":{"loc":{"start":{"line":4,"column":18},"end":{"line":4,"column":56}},"type":"binary-expr","locations":[{"start":{"line":4,"column":18},"end":{"line":4,"column":29}},{"start":{"line":4,"column":33},"end":{"line":4,"column":56}}],"line":4},"2":{"loc":{"start":{"line":6,"column":4},"end":{"line":27,"column":5}},"type":"switch","locations":[{"start":{"line":8,"column":8},"end":{"line":11,"column":18}},{"start":{"line":13,"column":8},"end":{"line":15,"column":18}},{"start":{"line":17,"column":8},"end":{"line":19,"column":18}},{"start":{"line":21,"column":8},"end":{"line":23,"column":18}},{"start":{"line":25,"column":8},"end":{"line":25,"column":76}}],"line":6}},"s":{"0":4,"1":6,"2":6,"3":6,"4":6,"5":6,"6":6,"7":6,"8":0,"9":0,"10":0,"11":0,"12":0,"13":0,"14":0,"15":4},"f":{"0":6},"b":{"0":[6,6],"1":[6,6],"2":[6,0,0,0,0]},"_coverageSchema":"1a1c01bbd47fc00a2c39e90264f33305004495a9","hash":"08def45c4cde071da2b5b8e8ec8dbc53eb439f33"}
,"D:\\1Haktiv8\\Phase3\\fitness-serverside\\middlewares\\index.js": {"path":"D:\\1Haktiv8\\Phase3\\fitness-serverside\\middlewares\\index.js","statementMap":{"0":{"start":{"line":1,"column":21},"end":{"line":1,"column":39}},"1":{"start":{"line":2,"column":11},"end":{"line":2,"column":41}},"2":{"start":{"line":3,"column":24},"end":{"line":3,"column":45}},"3":{"start":{"line":5,"column":23},"end":{"line":31,"column":1}},"4":{"start":{"line":6,"column":1},"end":{"line":30,"column":2}},"5":{"start":{"line":7,"column":15},"end":{"line":7,"column":40}},"6":{"start":{"line":9,"column":2},"end":{"line":9,"column":46}},"7":{"start":{"line":9,"column":15},"end":{"line":9,"column":46}},"8":{"start":{"line":10,"column":26},"end":{"line":10,"column":43}},"9":{"start":{"line":12,"column":2},"end":{"line":12,"column":68}},"10":{"start":{"line":12,"column":37},"end":{"line":12,"column":68}},"11":{"start":{"line":14,"column":18},"end":{"line":14,"column":36}},"12":{"start":{"line":18,"column":15},"end":{"line":18,"column":77}},"13":{"start":{"line":19,"column":2},"end":{"line":19,"column":34}},"14":{"start":{"line":22,"column":2},"end":{"line":24,"column":4}},"15":{"start":{"line":27,"column":2},"end":{"line":27,"column":9}},"16":{"start":{"line":29,"column":2},"end":{"line":29,"column":14}},"17":{"start":{"line":33,"column":0},"end":{"line":33,"column":32}}},"fnMap":{"0":{"name":"(anonymous_0)","decl":{"start":{"line":5,"column":23},"end":{"line":5,"column":24}},"loc":{"start":{"line":5,"column":49},"end":{"line":31,"column":1}},"line":5}},"branchMap":{"0":{"loc":{"start":{"line":9,"column":2},"end":{"line":9,"column":46}},"type":"if","locations":[{"start":{"line":9,"column":2},"end":{"line":9,"column":46}},{"start":{},"end":{}}],"line":9},"1":{"loc":{"start":{"line":12,"column":2},"end":{"line":12,"column":68}},"type":"if","locations":[{"start":{"line":12,"column":2},"end":{"line":12,"column":68}},{"start":{},"end":{}}],"line":12},"2":{"loc":{"start":{"line":12,"column":6},"end":{"line":12,"column":35}},"type":"binary-expr","locations":[{"start":{"line":12,"column":6},"end":{"line":12,"column":25}},{"start":{"line":12,"column":29},"end":{"line":12,"column":35}}],"line":12}},"s":{"0":4,"1":4,"2":4,"3":4,"4":6,"5":6,"6":6,"7":6,"8":0,"9":0,"10":0,"11":0,"12":0,"13":0,"14":0,"15":0,"16":6,"17":4},"f":{"0":6},"b":{"0":[6,0],"1":[0,0],"2":[0,0]},"_coverageSchema":"1a1c01bbd47fc00a2c39e90264f33305004495a9","hash":"7f77ea8f0958736479b42202eb097da42605dc59"}
,"D:\\1Haktiv8\\Phase3\\fitness-serverside\\models\\routines.js": {"path":"D:\\1Haktiv8\\Phase3\\fitness-serverside\\models\\routines.js","statementMap":{"0":{"start":{"line":2,"column":11},"end":{"line":2,"column":44}},"1":{"start":{"line":3,"column":21},"end":{"line":3,"column":39}},"2":{"start":{"line":8,"column":4},"end":{"line":16,"column":5}},"3":{"start":{"line":10,"column":21},"end":{"line":12,"column":20}},"4":{"start":{"line":13,"column":8},"end":{"line":13,"column":19}},"5":{"start":{"line":15,"column":8},"end":{"line":15,"column":19}},"6":{"start":{"line":19,"column":4},"end":{"line":24,"column":5}},"7":{"start":{"line":20,"column":23},"end":{"line":20,"column":73}},"8":{"start":{"line":21,"column":6},"end":{"line":21,"column":22}},"9":{"start":{"line":23,"column":6},"end":{"line":23,"column":18}},"10":{"start":{"line":28,"column":4},"end":{"line":33,"column":5}},"11":{"start":{"line":29,"column":24},"end":{"line":29,"column":90}},"12":{"start":{"line":30,"column":8},"end":{"line":30,"column":23}},"13":{"start":{"line":32,"column":6},"end":{"line":32,"column":18}},"14":{"start":{"line":37,"column":4},"end":{"line":42,"column":5}},"15":{"start":{"line":38,"column":23},"end":{"line":38,"column":93}},"16":{"start":{"line":39,"column":6},"end":{"line":39,"column":22}},"17":{"start":{"line":41,"column":6},"end":{"line":41,"column":18}},"18":{"start":{"line":48,"column":0},"end":{"line":48,"column":26}}},"fnMap":{"0":{"name":"(anonymous_0)","decl":{"start":{"line":7,"column":2},"end":{"line":7,"column":3}},"loc":{"start":{"line":7,"column":37},"end":{"line":17,"column":3}},"line":7},"1":{"name":"(anonymous_1)","decl":{"start":{"line":18,"column":2},"end":{"line":18,"column":3}},"loc":{"start":{"line":18,"column":32},"end":{"line":25,"column":3}},"line":18},"2":{"name":"(anonymous_2)","decl":{"start":{"line":27,"column":2},"end":{"line":27,"column":3}},"loc":{"start":{"line":27,"column":34},"end":{"line":34,"column":3}},"line":27},"3":{"name":"(anonymous_3)","decl":{"start":{"line":36,"column":2},"end":{"line":36,"column":3}},"loc":{"start":{"line":36,"column":47},"end":{"line":43,"column":3}},"line":36}},"branchMap":{},"s":{"0":4,"1":4,"2":0,"3":0,"4":0,"5":0,"6":0,"7":0,"8":0,"9":0,"10":0,"11":0,"12":0,"13":0,"14":0,"15":0,"16":0,"17":0,"18":4},"f":{"0":0,"1":0,"2":0,"3":0},"b":{},"_coverageSchema":"1a1c01bbd47fc00a2c39e90264f33305004495a9","hash":"827d50972d460d840c454d4ffd9ff40b05415c97"}
,"D:\\1Haktiv8\\Phase3\\fitness-serverside\\models\\runningHistory.js": {"path":"D:\\1Haktiv8\\Phase3\\fitness-serverside\\models\\runningHistory.js","statementMap":{"0":{"start":{"line":1,"column":25},"end":{"line":1,"column":86}},"1":{"start":{"line":2,"column":21},"end":{"line":2,"column":39}},"2":{"start":{"line":3,"column":18},"end":{"line":3,"column":38}},"3":{"start":{"line":7,"column":2},"end":{"line":26,"column":3}},"4":{"start":{"line":8,"column":18},"end":{"line":8,"column":19}},"5":{"start":{"line":9,"column":3},"end":{"line":21,"column":6}},"6":{"start":{"line":10,"column":4},"end":{"line":20,"column":5}},"7":{"start":{"line":11,"column":17},"end":{"line":14,"column":6}},"8":{"start":{"line":15,"column":15},"end":{"line":18,"column":6}},"9":{"start":{"line":19,"column":5},"end":{"line":19,"column":55}},"10":{"start":{"line":22,"column":18},"end":{"line":22,"column":73}},"11":{"start":{"line":23,"column":3},"end":{"line":23,"column":17}},"12":{"start":{"line":25,"column":3},"end":{"line":25,"column":15}},"13":{"start":{"line":30,"column":2},"end":{"line":35,"column":3}},"14":{"start":{"line":31,"column":18},"end":{"line":31,"column":82}},"15":{"start":{"line":32,"column":3},"end":{"line":32,"column":17}},"16":{"start":{"line":34,"column":3},"end":{"line":34,"column":15}},"17":{"start":{"line":39,"column":0},"end":{"line":39,"column":32}}},"fnMap":{"0":{"name":"(anonymous_0)","decl":{"start":{"line":6,"column":1},"end":{"line":6,"column":2}},"loc":{"start":{"line":6,"column":38},"end":{"line":27,"column":2}},"line":6},"1":{"name":"(anonymous_1)","decl":{"start":{"line":9,"column":29},"end":{"line":9,"column":30}},"loc":{"start":{"line":9,"column":45},"end":{"line":21,"column":4}},"line":9},"2":{"name":"(anonymous_2)","decl":{"start":{"line":29,"column":1},"end":{"line":29,"column":2}},"loc":{"start":{"line":29,"column":39},"end":{"line":36,"column":2}},"line":29}},"branchMap":{"0":{"loc":{"start":{"line":10,"column":4},"end":{"line":20,"column":5}},"type":"if","locations":[{"start":{"line":10,"column":4},"end":{"line":20,"column":5}},{"start":{},"end":{}}],"line":10}},"s":{"0":4,"1":4,"2":4,"3":0,"4":0,"5":0,"6":0,"7":0,"8":0,"9":0,"10":0,"11":0,"12":0,"13":0,"14":0,"15":0,"16":0,"17":4},"f":{"0":0,"1":0,"2":0},"b":{"0":[0,0]},"_coverageSchema":"1a1c01bbd47fc00a2c39e90264f33305004495a9","hash":"5c80f60025fbb9c93d6702dfae503c3491028ddb"}
,"D:\\1Haktiv8\\Phase3\\fitness-serverside\\routers\\index.js": {"path":"D:\\1Haktiv8\\Phase3\\fitness-serverside\\routers\\index.js","statementMap":{"0":{"start":{"line":2,"column":0},"end":{"line":2,"column":27}},"1":{"start":{"line":3,"column":16},"end":{"line":3,"column":34}},"2":{"start":{"line":4,"column":23},"end":{"line":4,"column":48}},"3":{"start":{"line":5,"column":23},"end":{"line":5,"column":66}},"4":{"start":{"line":6,"column":21},"end":{"line":6,"column":59}},"5":{"start":{"line":7,"column":15},"end":{"line":7,"column":31}},"6":{"start":{"line":11,"column":26},"end":{"line":11,"column":72}},"7":{"start":{"line":12,"column":33},"end":{"line":12,"column":83}},"8":{"start":{"line":14,"column":0},"end":{"line":14,"column":50}},"9":{"start":{"line":15,"column":0},"end":{"line":15,"column":43}},"10":{"start":{"line":17,"column":0},"end":{"line":17,"column":26}},"11":{"start":{"line":18,"column":0},"end":{"line":18,"column":53}},"12":{"start":{"line":19,"column":0},"end":{"line":19,"column":58}},"13":{"start":{"line":20,"column":0},"end":{"line":20,"column":62}},"14":{"start":{"line":21,"column":0},"end":{"line":21,"column":66}},"15":{"start":{"line":24,"column":0},"end":{"line":24,"column":67}},"16":{"start":{"line":25,"column":0},"end":{"line":25,"column":64}},"17":{"start":{"line":30,"column":0},"end":{"line":30,"column":78}},"18":{"start":{"line":31,"column":0},"end":{"line":31,"column":77}},"19":{"start":{"line":35,"column":0},"end":{"line":35,"column":24}},"20":{"start":{"line":37,"column":0},"end":{"line":37,"column":24}}},"fnMap":{},"branchMap":{},"s":{"0":4,"1":4,"2":4,"3":4,"4":4,"5":4,"6":4,"7":4,"8":4,"9":4,"10":4,"11":4,"12":4,"13":4,"14":4,"15":4,"16":4,"17":4,"18":4,"19":4,"20":4},"f":{},"b":{},"_coverageSchema":"1a1c01bbd47fc00a2c39e90264f33305004495a9","hash":"cb4409e2620ed85ba5f1c84012e56013aeedb30a"}
}
