{"C:\\Users\\ASUS ROG STRIX\\Desktop\\data final project\\fitness-serverside\\app.js": {"path":"C:\\Users\\ASUS ROG STRIX\\Desktop\\data final project\\fitness-serverside\\app.js","statementMap":{"0":{"start":{"line":2,"column":0},"end":{"line":2,"column":27}},"1":{"start":{"line":4,"column":13},"end":{"line":4,"column":17}},"2":{"start":{"line":6,"column":16},"end":{"line":6,"column":34}},"3":{"start":{"line":7,"column":13},"end":{"line":7,"column":28}},"4":{"start":{"line":8,"column":12},"end":{"line":8,"column":21}},"5":{"start":{"line":10,"column":15},"end":{"line":10,"column":35}},"6":{"start":{"line":12,"column":0},"end":{"line":12,"column":16}},"7":{"start":{"line":14,"column":0},"end":{"line":14,"column":48}},"8":{"start":{"line":16,"column":0},"end":{"line":16,"column":24}},"9":{"start":{"line":18,"column":0},"end":{"line":18,"column":16}},"10":{"start":{"line":24,"column":0},"end":{"line":24,"column":21}}},"fnMap":{},"branchMap":{},"s":{"0":6,"1":6,"2":6,"3":6,"4":6,"5":6,"6":6,"7":6,"8":6,"9":6,"10":6},"f":{},"b":{},"_coverageSchema":"1a1c01bbd47fc00a2c39e90264f33305004495a9","hash":"a7e85aecf02fae6d139fcdb89ff74168fb8ce4c7"}
,"C:\\Users\\ASUS ROG STRIX\\Desktop\\data final project\\fitness-serverside\\config\\mongoConn.js": {"path":"C:\\Users\\ASUS ROG STRIX\\Desktop\\data final project\\fitness-serverside\\config\\mongoConn.js","statementMap":{"0":{"start":{"line":1,"column":0},"end":{"line":1,"column":27}},"1":{"start":{"line":2,"column":42},"end":{"line":2,"column":60}},"2":{"start":{"line":3,"column":12},"end":{"line":3,"column":33}},"3":{"start":{"line":4,"column":15},"end":{"line":10,"column":2}},"4":{"start":{"line":14,"column":0},"end":{"line":14,"column":23}},"5":{"start":{"line":16,"column":0},"end":{"line":16,"column":20}}},"fnMap":{},"branchMap":{},"s":{"0":6,"1":6,"2":6,"3":6,"4":6,"5":6},"f":{},"b":{},"_coverageSchema":"1a1c01bbd47fc00a2c39e90264f33305004495a9","hash":"19054e7c553f020e1132ff9bd945334506ac537d"}
,"C:\\Users\\ASUS ROG STRIX\\Desktop\\data final project\\fitness-serverside\\controllers\\RoutineController.js": {"path":"C:\\Users\\ASUS ROG STRIX\\Desktop\\data final project\\fitness-serverside\\controllers\\RoutineController.js","statementMap":{"0":{"start":{"line":2,"column":17},"end":{"line":2,"column":46}},"1":{"start":{"line":3,"column":11},"end":{"line":3,"column":44}},"2":{"start":{"line":4,"column":21},"end":{"line":4,"column":39}},"3":{"start":{"line":9,"column":23},"end":{"line":9,"column":32}},"4":{"start":{"line":11,"column":4},"end":{"line":15,"column":5}},"5":{"start":{"line":12,"column":19},"end":{"line":12,"column":55}},"6":{"start":{"line":13,"column":6},"end":{"line":13,"column":24}},"7":{"start":{"line":14,"column":6},"end":{"line":14,"column":44}},"8":{"start":{"line":18,"column":4},"end":{"line":26,"column":5}},"9":{"start":{"line":20,"column":19},"end":{"line":20,"column":50}},"10":{"start":{"line":23,"column":6},"end":{"line":23,"column":44}},"11":{"start":{"line":25,"column":6},"end":{"line":25,"column":18}},"12":{"start":{"line":31,"column":19},"end":{"line":31,"column":29}},"13":{"start":{"line":32,"column":4},"end":{"line":43,"column":5}},"14":{"start":{"line":33,"column":19},"end":{"line":33,"column":52}},"15":{"start":{"line":34,"column":6},"end":{"line":40,"column":7}},"16":{"start":{"line":35,"column":8},"end":{"line":37,"column":75}},"17":{"start":{"line":39,"column":8},"end":{"line":39,"column":70}},"18":{"start":{"line":42,"column":6},"end":{"line":42,"column":18}},"19":{"start":{"line":48,"column":17},"end":{"line":48,"column":25}},"20":{"start":{"line":50,"column":21},"end":{"line":53,"column":5}},"21":{"start":{"line":54,"column":4},"end":{"line":68,"column":5}},"22":{"start":{"line":55,"column":25},"end":{"line":60,"column":7}},"23":{"start":{"line":61,"column":19},"end":{"line":61,"column":78}},"24":{"start":{"line":63,"column":6},"end":{"line":63,"column":37}},"25":{"start":{"line":66,"column":6},"end":{"line":66,"column":25}},"26":{"start":{"line":67,"column":6},"end":{"line":67,"column":18}},"27":{"start":{"line":73,"column":4},"end":{"line":109,"column":5}},"28":{"start":{"line":76,"column":19},"end":{"line":101,"column":18}},"29":{"start":{"line":102,"column":8},"end":{"line":104,"column":9}},"30":{"start":{"line":103,"column":10},"end":{"line":103,"column":79}},"31":{"start":{"line":106,"column":6},"end":{"line":106,"column":33}},"32":{"start":{"line":108,"column":8},"end":{"line":108,"column":20}},"33":{"start":{"line":113,"column":0},"end":{"line":113,"column":35}}},"fnMap":{"0":{"name":"(anonymous_0)","decl":{"start":{"line":8,"column":2},"end":{"line":8,"column":3}},"loc":{"start":{"line":8,"column":46},"end":{"line":27,"column":3}},"line":8},"1":{"name":"(anonymous_1)","decl":{"start":{"line":30,"column":2},"end":{"line":30,"column":3}},"loc":{"start":{"line":30,"column":46},"end":{"line":44,"column":3}},"line":30},"2":{"name":"(anonymous_2)","decl":{"start":{"line":46,"column":2},"end":{"line":46,"column":3}},"loc":{"start":{"line":46,"column":49},"end":{"line":69,"column":3}},"line":46},"3":{"name":"(anonymous_3)","decl":{"start":{"line":71,"column":2},"end":{"line":71,"column":3}},"loc":{"start":{"line":71,"column":47},"end":{"line":110,"column":3}},"line":71}},"branchMap":{"0":{"loc":{"start":{"line":11,"column":4},"end":{"line":15,"column":5}},"type":"if","locations":[{"start":{"line":11,"column":4},"end":{"line":15,"column":5}},{"start":{},"end":{}}],"line":11},"1":{"loc":{"start":{"line":34,"column":6},"end":{"line":40,"column":7}},"type":"if","locations":[{"start":{"line":34,"column":6},"end":{"line":40,"column":7}},{"start":{"line":38,"column":13},"end":{"line":40,"column":7}}],"line":34},"2":{"loc":{"start":{"line":102,"column":8},"end":{"line":104,"column":9}},"type":"if","locations":[{"start":{"line":102,"column":8},"end":{"line":104,"column":9}},{"start":{},"end":{}}],"line":102},"3":{"loc":{"start":{"line":102,"column":12},"end":{"line":102,"column":91}},"type":"binary-expr","locations":[{"start":{"line":102,"column":12},"end":{"line":102,"column":29}},{"start":{"line":102,"column":34},"end":{"line":102,"column":49}},{"start":{"line":102,"column":53},"end":{"line":102,"column":90}}],"line":102}},"s":{"0":6,"1":6,"2":6,"3":2,"4":2,"5":1,"6":1,"7":1,"8":1,"9":1,"10":1,"11":0,"12":2,"13":2,"14":2,"15":2,"16":1,"17":1,"18":0,"19":1,"20":1,"21":1,"22":1,"23":1,"24":1,"25":0,"26":0,"27":2,"28":2,"29":2,"30":1,"31":1,"32":0,"33":6},"f":{"0":2,"1":2,"2":1,"3":2},"b":{"0":[1,1],"1":[1,1],"2":[1,1],"3":[2,2,2]},"_coverageSchema":"1a1c01bbd47fc00a2c39e90264f33305004495a9","hash":"902f0770179ef0f2bf33b458032a49476068ced2"}
,"C:\\Users\\ASUS ROG STRIX\\Desktop\\data final project\\fitness-serverside\\controllers\\RunningHistoryController.js": {"path":"C:\\Users\\ASUS ROG STRIX\\Desktop\\data final project\\fitness-serverside\\controllers\\RunningHistoryController.js","statementMap":{"0":{"start":{"line":1,"column":14},"end":{"line":1,"column":49}},"1":{"start":{"line":5,"column":2},"end":{"line":10,"column":3}},"2":{"start":{"line":6,"column":16},"end":{"line":6,"column":129}},"3":{"start":{"line":7,"column":3},"end":{"line":7,"column":41}},"4":{"start":{"line":9,"column":3},"end":{"line":9,"column":15}},"5":{"start":{"line":14,"column":2},"end":{"line":19,"column":3}},"6":{"start":{"line":15,"column":16},"end":{"line":15,"column":60}},"7":{"start":{"line":16,"column":3},"end":{"line":16,"column":41}},"8":{"start":{"line":18,"column":3},"end":{"line":18,"column":15}},"9":{"start":{"line":23,"column":0},"end":{"line":23,"column":42}}},"fnMap":{"0":{"name":"(anonymous_0)","decl":{"start":{"line":4,"column":1},"end":{"line":4,"column":2}},"loc":{"start":{"line":4,"column":48},"end":{"line":11,"column":2}},"line":4},"1":{"name":"(anonymous_1)","decl":{"start":{"line":13,"column":1},"end":{"line":13,"column":2}},"loc":{"start":{"line":13,"column":50},"end":{"line":20,"column":2}},"line":13}},"branchMap":{},"s":{"0":6,"1":1,"2":1,"3":1,"4":0,"5":1,"6":1,"7":1,"8":0,"9":6},"f":{"0":1,"1":1},"b":{},"_coverageSchema":"1a1c01bbd47fc00a2c39e90264f33305004495a9","hash":"f873c16deb4229ca029e86362635d148f5d00592"}
,"C:\\Users\\ASUS ROG STRIX\\Desktop\\data final project\\fitness-serverside\\controllers\\UserController.js": {"path":"C:\\Users\\ASUS ROG STRIX\\Desktop\\data final project\\fitness-serverside\\controllers\\UserController.js","statementMap":{"0":{"start":{"line":1,"column":21},"end":{"line":1,"column":39}},"1":{"start":{"line":2,"column":11},"end":{"line":2,"column":41}},"2":{"start":{"line":4,"column":15},"end":{"line":4,"column":34}},"3":{"start":{"line":5,"column":45},"end":{"line":5,"column":72}},"4":{"start":{"line":6,"column":18},"end":{"line":6,"column":36}},"5":{"start":{"line":10,"column":15},"end":{"line":10,"column":23}},"6":{"start":{"line":11,"column":2},"end":{"line":11,"column":27}},"7":{"start":{"line":12,"column":2},"end":{"line":47,"column":3}},"8":{"start":{"line":13,"column":96},"end":{"line":13,"column":104}},"9":{"start":{"line":14,"column":3},"end":{"line":14,"column":80}},"10":{"start":{"line":14,"column":18},"end":{"line":14,"column":80}},"11":{"start":{"line":15,"column":3},"end":{"line":15,"column":74}},"12":{"start":{"line":15,"column":15},"end":{"line":15,"column":74}},"13":{"start":{"line":16,"column":3},"end":{"line":16,"column":80}},"14":{"start":{"line":16,"column":18},"end":{"line":16,"column":80}},"15":{"start":{"line":17,"column":3},"end":{"line":17,"column":76}},"16":{"start":{"line":17,"column":16},"end":{"line":17,"column":76}},"17":{"start":{"line":18,"column":3},"end":{"line":18,"column":76}},"18":{"start":{"line":18,"column":16},"end":{"line":18,"column":76}},"19":{"start":{"line":19,"column":3},"end":{"line":19,"column":70}},"20":{"start":{"line":19,"column":13},"end":{"line":19,"column":70}},"21":{"start":{"line":20,"column":19},"end":{"line":25,"column":4}},"22":{"start":{"line":28,"column":25},"end":{"line":28,"column":75}},"23":{"start":{"line":29,"column":4},"end":{"line":29,"column":36}},"24":{"start":{"line":32,"column":3},"end":{"line":32,"column":108}},"25":{"start":{"line":32,"column":46},"end":{"line":32,"column":108}},"26":{"start":{"line":34,"column":25},"end":{"line":34,"column":72}},"27":{"start":{"line":36,"column":3},"end":{"line":36,"column":83}},"28":{"start":{"line":36,"column":22},"end":{"line":36,"column":83}},"29":{"start":{"line":38,"column":17},"end":{"line":38,"column":66}},"30":{"start":{"line":40,"column":3},"end":{"line":40,"column":57}},"31":{"start":{"line":42,"column":3},"end":{"line":46,"column":4}},"32":{"start":{"line":43,"column":4},"end":{"line":43,"column":53}},"33":{"start":{"line":45,"column":4},"end":{"line":45,"column":63}},"34":{"start":{"line":51,"column":2},"end":{"line":103,"column":3}},"35":{"start":{"line":52,"column":16},"end":{"line":52,"column":24}},"36":{"start":{"line":53,"column":19},"end":{"line":55,"column":4}},"37":{"start":{"line":57,"column":3},"end":{"line":57,"column":88}},"38":{"start":{"line":57,"column":25},"end":{"line":57,"column":88}},"39":{"start":{"line":58,"column":3},"end":{"line":58,"column":90}},"40":{"start":{"line":58,"column":28},"end":{"line":58,"column":90}},"41":{"start":{"line":60,"column":18},"end":{"line":60,"column":82}},"42":{"start":{"line":62,"column":3},"end":{"line":62,"column":49}},"43":{"start":{"line":62,"column":18},"end":{"line":62,"column":49}},"44":{"start":{"line":63,"column":3},"end":{"line":63,"column":49}},"45":{"start":{"line":63,"column":18},"end":{"line":63,"column":49}},"46":{"start":{"line":65,"column":25},"end":{"line":65,"column":75}},"47":{"start":{"line":67,"column":3},"end":{"line":67,"column":94}},"48":{"start":{"line":67,"column":25},"end":{"line":67,"column":94}},"49":{"start":{"line":69,"column":3},"end":{"line":69,"column":74}},"50":{"start":{"line":69,"column":43},"end":{"line":69,"column":74}},"51":{"start":{"line":71,"column":23},"end":{"line":82,"column":5}},"52":{"start":{"line":84,"column":3},"end":{"line":93,"column":6}},"53":{"start":{"line":95,"column":3},"end":{"line":95,"column":22}},"54":{"start":{"line":96,"column":3},"end":{"line":102,"column":4}},"55":{"start":{"line":97,"column":4},"end":{"line":97,"column":53}},"56":{"start":{"line":98,"column":10},"end":{"line":102,"column":4}},"57":{"start":{"line":99,"column":4},"end":{"line":99,"column":67}},"58":{"start":{"line":101,"column":4},"end":{"line":101,"column":63}},"59":{"start":{"line":107,"column":2},"end":{"line":121,"column":3}},"60":{"start":{"line":108,"column":16},"end":{"line":108,"column":24}},"61":{"start":{"line":110,"column":20},"end":{"line":114,"column":4}},"62":{"start":{"line":116,"column":16},"end":{"line":116,"column":110}},"63":{"start":{"line":118,"column":3},"end":{"line":118,"column":66}},"64":{"start":{"line":120,"column":3},"end":{"line":120,"column":15}},"65":{"start":{"line":125,"column":0},"end":{"line":125,"column":32}}},"fnMap":{"0":{"name":"(anonymous_0)","decl":{"start":{"line":9,"column":1},"end":{"line":9,"column":2}},"loc":{"start":{"line":9,"column":39},"end":{"line":48,"column":2}},"line":9},"1":{"name":"validateEmailFormat","decl":{"start":{"line":27,"column":12},"end":{"line":27,"column":31}},"loc":{"start":{"line":27,"column":39},"end":{"line":30,"column":4}},"line":27},"2":{"name":"(anonymous_2)","decl":{"start":{"line":50,"column":1},"end":{"line":50,"column":2}},"loc":{"start":{"line":50,"column":36},"end":{"line":104,"column":2}},"line":50},"3":{"name":"(anonymous_3)","decl":{"start":{"line":106,"column":1},"end":{"line":106,"column":2}},"loc":{"start":{"line":106,"column":41},"end":{"line":122,"column":2}},"line":106}},"branchMap":{"0":{"loc":{"start":{"line":14,"column":3},"end":{"line":14,"column":80}},"type":"if","locations":[{"start":{"line":14,"column":3},"end":{"line":14,"column":80}},{"start":{},"end":{}}],"line":14},"1":{"loc":{"start":{"line":15,"column":3},"end":{"line":15,"column":74}},"type":"if","locations":[{"start":{"line":15,"column":3},"end":{"line":15,"column":74}},{"start":{},"end":{}}],"line":15},"2":{"loc":{"start":{"line":16,"column":3},"end":{"line":16,"column":80}},"type":"if","locations":[{"start":{"line":16,"column":3},"end":{"line":16,"column":80}},{"start":{},"end":{}}],"line":16},"3":{"loc":{"start":{"line":17,"column":3},"end":{"line":17,"column":76}},"type":"if","locations":[{"start":{"line":17,"column":3},"end":{"line":17,"column":76}},{"start":{},"end":{}}],"line":17},"4":{"loc":{"start":{"line":18,"column":3},"end":{"line":18,"column":76}},"type":"if","locations":[{"start":{"line":18,"column":3},"end":{"line":18,"column":76}},{"start":{},"end":{}}],"line":18},"5":{"loc":{"start":{"line":19,"column":3},"end":{"line":19,"column":70}},"type":"if","locations":[{"start":{"line":19,"column":3},"end":{"line":19,"column":70}},{"start":{},"end":{}}],"line":19},"6":{"loc":{"start":{"line":32,"column":3},"end":{"line":32,"column":108}},"type":"if","locations":[{"start":{"line":32,"column":3},"end":{"line":32,"column":108}},{"start":{},"end":{}}],"line":32},"7":{"loc":{"start":{"line":36,"column":3},"end":{"line":36,"column":83}},"type":"if","locations":[{"start":{"line":36,"column":3},"end":{"line":36,"column":83}},{"start":{},"end":{}}],"line":36},"8":{"loc":{"start":{"line":42,"column":3},"end":{"line":46,"column":4}},"type":"if","locations":[{"start":{"line":42,"column":3},"end":{"line":46,"column":4}},{"start":{"line":44,"column":10},"end":{"line":46,"column":4}}],"line":42},"9":{"loc":{"start":{"line":57,"column":3},"end":{"line":57,"column":88}},"type":"if","locations":[{"start":{"line":57,"column":3},"end":{"line":57,"column":88}},{"start":{},"end":{}}],"line":57},"10":{"loc":{"start":{"line":58,"column":3},"end":{"line":58,"column":90}},"type":"if","locations":[{"start":{"line":58,"column":3},"end":{"line":58,"column":90}},{"start":{},"end":{}}],"line":58},"11":{"loc":{"start":{"line":62,"column":3},"end":{"line":62,"column":49}},"type":"if","locations":[{"start":{"line":62,"column":3},"end":{"line":62,"column":49}},{"start":{},"end":{}}],"line":62},"12":{"loc":{"start":{"line":63,"column":3},"end":{"line":63,"column":49}},"type":"if","locations":[{"start":{"line":63,"column":3},"end":{"line":63,"column":49}},{"start":{},"end":{}}],"line":63},"13":{"loc":{"start":{"line":67,"column":3},"end":{"line":67,"column":94}},"type":"if","locations":[{"start":{"line":67,"column":3},"end":{"line":67,"column":94}},{"start":{},"end":{}}],"line":67},"14":{"loc":{"start":{"line":69,"column":3},"end":{"line":69,"column":74}},"type":"if","locations":[{"start":{"line":69,"column":3},"end":{"line":69,"column":74}},{"start":{},"end":{}}],"line":69},"15":{"loc":{"start":{"line":96,"column":3},"end":{"line":102,"column":4}},"type":"if","locations":[{"start":{"line":96,"column":3},"end":{"line":102,"column":4}},{"start":{"line":98,"column":10},"end":{"line":102,"column":4}}],"line":96},"16":{"loc":{"start":{"line":98,"column":10},"end":{"line":102,"column":4}},"type":"if","locations":[{"start":{"line":98,"column":10},"end":{"line":102,"column":4}},{"start":{"line":100,"column":10},"end":{"line":102,"column":4}}],"line":98}},"s":{"0":6,"1":6,"2":6,"3":6,"4":6,"5":9,"6":9,"7":9,"8":9,"9":9,"10":1,"11":8,"12":1,"13":7,"14":1,"15":6,"16":1,"17":5,"18":1,"19":4,"20":1,"21":3,"22":3,"23":3,"24":3,"25":1,"26":2,"27":2,"28":1,"29":1,"30":1,"31":8,"32":8,"33":0,"34":3,"35":3,"36":3,"37":3,"38":0,"39":3,"40":1,"41":2,"42":2,"43":1,"44":1,"45":0,"46":1,"47":1,"48":0,"49":1,"50":0,"51":1,"52":1,"53":2,"54":2,"55":1,"56":1,"57":1,"58":0,"59":1,"60":1,"61":1,"62":1,"63":1,"64":0,"65":6},"f":{"0":9,"1":3,"2":3,"3":1},"b":{"0":[1,8],"1":[1,7],"2":[1,6],"3":[1,5],"4":[1,4],"5":[1,3],"6":[1,2],"7":[1,1],"8":[8,0],"9":[0,3],"10":[1,2],"11":[1,1],"12":[0,1],"13":[0,1],"14":[0,1],"15":[1,1],"16":[1,0]},"_coverageSchema":"1a1c01bbd47fc00a2c39e90264f33305004495a9","hash":"4daa7fdae72cf340df828bf3fab2421435846ceb"}
,"C:\\Users\\ASUS ROG STRIX\\Desktop\\data final project\\fitness-serverside\\helpers\\index.js": {"path":"C:\\Users\\ASUS ROG STRIX\\Desktop\\data final project\\fitness-serverside\\helpers\\index.js","statementMap":{"0":{"start":{"line":1,"column":15},"end":{"line":1,"column":34}},"1":{"start":{"line":2,"column":12},"end":{"line":2,"column":35}},"2":{"start":{"line":4,"column":17},"end":{"line":8,"column":1}},"3":{"start":{"line":5,"column":14},"end":{"line":5,"column":36}},"4":{"start":{"line":6,"column":14},"end":{"line":6,"column":45}},"5":{"start":{"line":7,"column":1},"end":{"line":7,"column":13}},"6":{"start":{"line":10,"column":20},"end":{"line":12,"column":1}},"7":{"start":{"line":11,"column":1},"end":{"line":11,"column":50}},"8":{"start":{"line":14,"column":18},"end":{"line":16,"column":1}},"9":{"start":{"line":15,"column":1},"end":{"line":15,"column":46}},"10":{"start":{"line":18,"column":20},"end":{"line":20,"column":1}},"11":{"start":{"line":19,"column":1},"end":{"line":19,"column":46}},"12":{"start":{"line":22,"column":0},"end":{"line":22,"column":67}}},"fnMap":{"0":{"name":"(anonymous_0)","decl":{"start":{"line":4,"column":17},"end":{"line":4,"column":18}},"loc":{"start":{"line":4,"column":31},"end":{"line":8,"column":1}},"line":4},"1":{"name":"(anonymous_1)","decl":{"start":{"line":10,"column":20},"end":{"line":10,"column":21}},"loc":{"start":{"line":10,"column":47},"end":{"line":12,"column":1}},"line":10},"2":{"name":"(anonymous_2)","decl":{"start":{"line":14,"column":18},"end":{"line":14,"column":19}},"loc":{"start":{"line":14,"column":31},"end":{"line":16,"column":1}},"line":14},"3":{"name":"(anonymous_3)","decl":{"start":{"line":18,"column":20},"end":{"line":18,"column":21}},"loc":{"start":{"line":18,"column":31},"end":{"line":20,"column":1}},"line":18}},"branchMap":{},"s":{"0":6,"1":6,"2":6,"3":5,"4":5,"5":5,"6":6,"7":1,"8":6,"9":6,"10":6,"11":6,"12":6},"f":{"0":5,"1":1,"2":6,"3":6},"b":{},"_coverageSchema":"1a1c01bbd47fc00a2c39e90264f33305004495a9","hash":"f973004be56132f90cc2f7786f191a86250d739a"}
,"C:\\Users\\ASUS ROG STRIX\\Desktop\\data final project\\fitness-serverside\\middlewares\\errorHandler.js": {"path":"C:\\Users\\ASUS ROG STRIX\\Desktop\\data final project\\fitness-serverside\\middlewares\\errorHandler.js","statementMap":{"0":{"start":{"line":1,"column":21},"end":{"line":25,"column":1}},"1":{"start":{"line":27,"column":0},"end":{"line":27,"column":29}}},"fnMap":{"0":{"name":"(anonymous_0)","decl":{"start":{"line":1,"column":21},"end":{"line":1,"column":22}},"loc":{"start":{"line":1,"column":46},"end":{"line":25,"column":1}},"line":1}},"branchMap":{},"s":{"0":6,"1":6},"f":{"0":0},"b":{},"_coverageSchema":"1a1c01bbd47fc00a2c39e90264f33305004495a9","hash":"5fa6d56d3e9aaa4f2c7c03ce1b598d4ec1066644"}
,"C:\\Users\\ASUS ROG STRIX\\Desktop\\data final project\\fitness-serverside\\middlewares\\index.js": {"path":"C:\\Users\\ASUS ROG STRIX\\Desktop\\data final project\\fitness-serverside\\middlewares\\index.js","statementMap":{"0":{"start":{"line":1,"column":21},"end":{"line":1,"column":39}},"1":{"start":{"line":2,"column":11},"end":{"line":2,"column":41}},"2":{"start":{"line":3,"column":24},"end":{"line":3,"column":45}},"3":{"start":{"line":5,"column":23},"end":{"line":25,"column":1}},"4":{"start":{"line":6,"column":1},"end":{"line":24,"column":2}},"5":{"start":{"line":7,"column":15},"end":{"line":7,"column":40}},"6":{"start":{"line":8,"column":2},"end":{"line":8,"column":46}},"7":{"start":{"line":8,"column":15},"end":{"line":8,"column":46}},"8":{"start":{"line":9,"column":26},"end":{"line":9,"column":43}},"9":{"start":{"line":11,"column":2},"end":{"line":11,"column":68}},"10":{"start":{"line":11,"column":37},"end":{"line":11,"column":68}},"11":{"start":{"line":13,"column":18},"end":{"line":13,"column":36}},"12":{"start":{"line":15,"column":15},"end":{"line":15,"column":77}},"13":{"start":{"line":17,"column":2},"end":{"line":19,"column":4}},"14":{"start":{"line":21,"column":2},"end":{"line":21,"column":9}},"15":{"start":{"line":23,"column":2},"end":{"line":23,"column":14}},"16":{"start":{"line":27,"column":0},"end":{"line":27,"column":32}}},"fnMap":{"0":{"name":"(anonymous_0)","decl":{"start":{"line":5,"column":23},"end":{"line":5,"column":24}},"loc":{"start":{"line":5,"column":49},"end":{"line":25,"column":1}},"line":5}},"branchMap":{"0":{"loc":{"start":{"line":8,"column":2},"end":{"line":8,"column":46}},"type":"if","locations":[{"start":{"line":8,"column":2},"end":{"line":8,"column":46}},{"start":{},"end":{}}],"line":8},"1":{"loc":{"start":{"line":11,"column":2},"end":{"line":11,"column":68}},"type":"if","locations":[{"start":{"line":11,"column":2},"end":{"line":11,"column":68}},{"start":{},"end":{}}],"line":11},"2":{"loc":{"start":{"line":11,"column":6},"end":{"line":11,"column":35}},"type":"binary-expr","locations":[{"start":{"line":11,"column":6},"end":{"line":11,"column":25}},{"start":{"line":11,"column":29},"end":{"line":11,"column":35}}],"line":11}},"s":{"0":6,"1":6,"2":6,"3":6,"4":6,"5":6,"6":6,"7":0,"8":6,"9":6,"10":0,"11":6,"12":6,"13":6,"14":6,"15":0,"16":6},"f":{"0":6},"b":{"0":[0,6],"1":[0,6],"2":[6,6]},"_coverageSchema":"1a1c01bbd47fc00a2c39e90264f33305004495a9","hash":"a658f0cac4c77411c82b64c4a33b6cf95411cec2"}
,"C:\\Users\\ASUS ROG STRIX\\Desktop\\data final project\\fitness-serverside\\models\\routines.js": {"path":"C:\\Users\\ASUS ROG STRIX\\Desktop\\data final project\\fitness-serverside\\models\\routines.js","statementMap":{"0":{"start":{"line":2,"column":11},"end":{"line":2,"column":44}},"1":{"start":{"line":3,"column":21},"end":{"line":3,"column":39}},"2":{"start":{"line":8,"column":4},"end":{"line":16,"column":5}},"3":{"start":{"line":10,"column":21},"end":{"line":12,"column":20}},"4":{"start":{"line":13,"column":8},"end":{"line":13,"column":19}},"5":{"start":{"line":15,"column":8},"end":{"line":15,"column":19}},"6":{"start":{"line":19,"column":4},"end":{"line":24,"column":5}},"7":{"start":{"line":20,"column":23},"end":{"line":20,"column":73}},"8":{"start":{"line":21,"column":6},"end":{"line":21,"column":22}},"9":{"start":{"line":23,"column":6},"end":{"line":23,"column":18}},"10":{"start":{"line":28,"column":4},"end":{"line":33,"column":5}},"11":{"start":{"line":29,"column":24},"end":{"line":29,"column":90}},"12":{"start":{"line":30,"column":8},"end":{"line":30,"column":23}},"13":{"start":{"line":32,"column":6},"end":{"line":32,"column":18}},"14":{"start":{"line":39,"column":0},"end":{"line":39,"column":26}}},"fnMap":{"0":{"name":"(anonymous_0)","decl":{"start":{"line":7,"column":2},"end":{"line":7,"column":3}},"loc":{"start":{"line":7,"column":37},"end":{"line":17,"column":3}},"line":7},"1":{"name":"(anonymous_1)","decl":{"start":{"line":18,"column":2},"end":{"line":18,"column":3}},"loc":{"start":{"line":18,"column":32},"end":{"line":25,"column":3}},"line":18},"2":{"name":"(anonymous_2)","decl":{"start":{"line":27,"column":2},"end":{"line":27,"column":3}},"loc":{"start":{"line":27,"column":34},"end":{"line":34,"column":3}},"line":27}},"branchMap":{},"s":{"0":6,"1":6,"2":1,"3":1,"4":1,"5":0,"6":1,"7":1,"8":1,"9":0,"10":2,"11":2,"12":2,"13":0,"14":6},"f":{"0":1,"1":1,"2":2},"b":{},"_coverageSchema":"1a1c01bbd47fc00a2c39e90264f33305004495a9","hash":"80ca1376d2f2b3eea506641e7591c5ed9b6737c7"}
,"C:\\Users\\ASUS ROG STRIX\\Desktop\\data final project\\fitness-serverside\\models\\runningHistory.js": {"path":"C:\\Users\\ASUS ROG STRIX\\Desktop\\data final project\\fitness-serverside\\models\\runningHistory.js","statementMap":{"0":{"start":{"line":1,"column":25},"end":{"line":1,"column":86}},"1":{"start":{"line":2,"column":21},"end":{"line":2,"column":39}},"2":{"start":{"line":3,"column":18},"end":{"line":3,"column":38}},"3":{"start":{"line":7,"column":2},"end":{"line":26,"column":3}},"4":{"start":{"line":8,"column":18},"end":{"line":8,"column":19}},"5":{"start":{"line":9,"column":3},"end":{"line":21,"column":6}},"6":{"start":{"line":10,"column":4},"end":{"line":20,"column":5}},"7":{"start":{"line":11,"column":17},"end":{"line":14,"column":6}},"8":{"start":{"line":15,"column":15},"end":{"line":18,"column":6}},"9":{"start":{"line":19,"column":5},"end":{"line":19,"column":55}},"10":{"start":{"line":22,"column":18},"end":{"line":22,"column":73}},"11":{"start":{"line":23,"column":3},"end":{"line":23,"column":17}},"12":{"start":{"line":25,"column":3},"end":{"line":25,"column":15}},"13":{"start":{"line":30,"column":2},"end":{"line":35,"column":3}},"14":{"start":{"line":31,"column":18},"end":{"line":31,"column":86}},"15":{"start":{"line":32,"column":3},"end":{"line":32,"column":17}},"16":{"start":{"line":34,"column":3},"end":{"line":34,"column":15}},"17":{"start":{"line":39,"column":0},"end":{"line":39,"column":32}}},"fnMap":{"0":{"name":"(anonymous_0)","decl":{"start":{"line":6,"column":1},"end":{"line":6,"column":2}},"loc":{"start":{"line":6,"column":38},"end":{"line":27,"column":2}},"line":6},"1":{"name":"(anonymous_1)","decl":{"start":{"line":9,"column":29},"end":{"line":9,"column":30}},"loc":{"start":{"line":9,"column":45},"end":{"line":21,"column":4}},"line":9},"2":{"name":"(anonymous_2)","decl":{"start":{"line":29,"column":1},"end":{"line":29,"column":2}},"loc":{"start":{"line":29,"column":39},"end":{"line":36,"column":2}},"line":29}},"branchMap":{"0":{"loc":{"start":{"line":10,"column":4},"end":{"line":20,"column":5}},"type":"if","locations":[{"start":{"line":10,"column":4},"end":{"line":20,"column":5}},{"start":{},"end":{}}],"line":10}},"s":{"0":6,"1":6,"2":6,"3":1,"4":1,"5":1,"6":0,"7":0,"8":0,"9":0,"10":1,"11":1,"12":0,"13":1,"14":1,"15":1,"16":0,"17":6},"f":{"0":1,"1":0,"2":1},"b":{"0":[0,0]},"_coverageSchema":"1a1c01bbd47fc00a2c39e90264f33305004495a9","hash":"c7603ff9c5af5cbe9168b69b26418c50156eb0f0"}
,"C:\\Users\\ASUS ROG STRIX\\Desktop\\data final project\\fitness-serverside\\routers\\index.js": {"path":"C:\\Users\\ASUS ROG STRIX\\Desktop\\data final project\\fitness-serverside\\routers\\index.js","statementMap":{"0":{"start":{"line":2,"column":0},"end":{"line":2,"column":27}},"1":{"start":{"line":3,"column":16},"end":{"line":3,"column":34}},"2":{"start":{"line":4,"column":23},"end":{"line":4,"column":48}},"3":{"start":{"line":5,"column":23},"end":{"line":5,"column":66}},"4":{"start":{"line":6,"column":21},"end":{"line":6,"column":59}},"5":{"start":{"line":7,"column":15},"end":{"line":7,"column":31}},"6":{"start":{"line":11,"column":26},"end":{"line":11,"column":72}},"7":{"start":{"line":12,"column":33},"end":{"line":12,"column":83}},"8":{"start":{"line":14,"column":0},"end":{"line":14,"column":50}},"9":{"start":{"line":15,"column":0},"end":{"line":15,"column":43}},"10":{"start":{"line":17,"column":0},"end":{"line":17,"column":58}},"11":{"start":{"line":18,"column":0},"end":{"line":18,"column":62}},"12":{"start":{"line":19,"column":0},"end":{"line":19,"column":66}},"13":{"start":{"line":20,"column":0},"end":{"line":20,"column":26}},"14":{"start":{"line":21,"column":0},"end":{"line":21,"column":53}},"15":{"start":{"line":24,"column":0},"end":{"line":24,"column":67}},"16":{"start":{"line":25,"column":0},"end":{"line":25,"column":64}},"17":{"start":{"line":30,"column":0},"end":{"line":30,"column":78}},"18":{"start":{"line":31,"column":0},"end":{"line":31,"column":77}},"19":{"start":{"line":35,"column":0},"end":{"line":35,"column":24}},"20":{"start":{"line":37,"column":0},"end":{"line":37,"column":24}}},"fnMap":{},"branchMap":{},"s":{"0":6,"1":6,"2":6,"3":6,"4":6,"5":6,"6":6,"7":6,"8":6,"9":6,"10":6,"11":6,"12":6,"13":6,"14":6,"15":6,"16":6,"17":6,"18":6,"19":6,"20":6},"f":{},"b":{},"_coverageSchema":"1a1c01bbd47fc00a2c39e90264f33305004495a9","hash":"97c51401e9ac54cdb102a30bb65320912af53f52"}
}
