TN:
SF:app.js
FNF:0
FNH:0
DA:2,4
DA:4,4
DA:6,4
DA:7,4
DA:8,4
DA:10,4
DA:12,4
DA:14,4
DA:16,4
DA:18,4
DA:24,4
LF:11
LH:11
BRF:0
BRH:0
end_of_record
TN:
SF:config\mongoConn.js
FNF:0
FNH:0
DA:1,4
DA:2,4
DA:3,4
DA:4,4
DA:14,4
DA:16,4
LF:6
LH:6
BRF:0
BRH:0
end_of_record
TN:
SF:config\redisConn.js
FNF:0
FNH:0
LF:0
LH:0
BRF:0
BRH:0
end_of_record
TN:
SF:controllers\RoutineController.js
FN:9,(anonymous_0)
FN:31,(anonymous_1)
FN:47,(anonymous_2)
FN:72,(anonymous_3)
FNF:4
FNH:2
FNDA:2,(anonymous_0)
FNDA:2,(anonymous_1)
FNDA:0,(anonymous_2)
FNDA:0,(anonymous_3)
DA:2,4
DA:3,4
DA:4,4
DA:5,4
DA:10,2
DA:12,2
DA:13,1
DA:14,1
DA:15,1
DA:19,1
DA:21,1
DA:24,1
DA:26,0
DA:32,2
DA:33,2
DA:34,2
DA:35,2
DA:36,1
DA:40,1
DA:43,0
DA:49,0
DA:52,0
DA:56,0
DA:57,0
DA:63,0
DA:65,0
DA:68,0
DA:74,0
DA:77,0
DA:103,0
DA:105,0
DA:108,0
DA:113,4
LF:33
LH:19
BRDA:12,0,0,1
BRDA:12,0,1,1
BRDA:35,1,0,1
BRDA:35,1,1,1
BRDA:103,2,0,0
BRDA:103,2,1,0
BRF:6
BRH:4
end_of_record
TN:
SF:controllers\RunningHistoryController.js
FN:4,(anonymous_0)
FN:14,(anonymous_1)
FNF:2
FNH:0
FNDA:0,(anonymous_0)
FNDA:0,(anonymous_1)
DA:1,4
DA:5,0
DA:6,0
DA:7,0
DA:9,0
DA:10,0
DA:15,0
DA:16,0
DA:17,0
DA:19,0
DA:20,0
DA:25,4
LF:12
LH:2
BRF:0
BRH:0
end_of_record
TN:
SF:controllers\UserController.js
FN:9,(anonymous_0)
FN:27,validateEmailFormat
FN:50,(anonymous_2)
FN:105,(anonymous_3)
FNF:4
FNH:3
FNDA:9,(anonymous_0)
FNDA:3,validateEmailFormat
FNDA:3,(anonymous_2)
FNDA:0,(anonymous_3)
DA:1,4
DA:2,4
DA:4,4
DA:5,4
DA:6,4
DA:10,9
DA:11,9
DA:12,9
DA:13,9
DA:14,9
DA:15,8
DA:16,7
DA:17,6
DA:18,5
DA:19,4
DA:20,3
DA:28,3
DA:29,3
DA:32,3
DA:34,2
DA:36,2
DA:38,1
DA:40,1
DA:42,8
DA:43,8
DA:45,0
DA:51,3
DA:52,3
DA:53,3
DA:57,3
DA:58,3
DA:60,2
DA:62,2
DA:64,1
DA:66,1
DA:68,1
DA:70,1
DA:83,1
DA:94,2
DA:95,2
DA:96,1
DA:97,1
DA:98,1
DA:100,0
DA:106,0
DA:107,0
DA:108,0
DA:109,0
DA:114,0
DA:116,0
DA:118,0
DA:119,0
DA:124,4
LF:53
LH:43
BRDA:14,0,0,1
BRDA:14,0,1,8
BRDA:15,1,0,1
BRDA:15,1,1,7
BRDA:16,2,0,1
BRDA:16,2,1,6
BRDA:17,3,0,1
BRDA:17,3,1,5
BRDA:18,4,0,1
BRDA:18,4,1,4
BRDA:19,5,0,1
BRDA:19,5,1,3
BRDA:32,6,0,1
BRDA:32,6,1,2
BRDA:36,7,0,1
BRDA:36,7,1,1
BRDA:42,8,0,8
BRDA:42,8,1,0
BRDA:57,9,0,0
BRDA:57,9,1,3
BRDA:58,10,0,1
BRDA:58,10,1,2
BRDA:62,11,0,1
BRDA:62,11,1,1
BRDA:66,12,0,0
BRDA:66,12,1,1
BRDA:68,13,0,0
BRDA:68,13,1,1
BRDA:95,14,0,1
BRDA:95,14,1,1
BRDA:97,15,0,1
BRDA:97,15,1,0
BRF:32
BRH:27
end_of_record
TN:
SF:helpers\index.js
FN:4,(anonymous_0)
FN:10,(anonymous_1)
FN:14,(anonymous_2)
FN:18,(anonymous_3)
FNF:4
FNH:4
FNDA:4,(anonymous_0)
FNDA:1,(anonymous_1)
FNDA:3,(anonymous_2)
FNDA:1,(anonymous_3)
DA:1,4
DA:2,4
DA:4,4
DA:5,1
DA:6,1
DA:7,1
DA:10,4
DA:11,1
DA:11,1
DA:14,4
DA:15,3
DA:18,4
DA:19,1
DA:22,4
LF:13
LH:13
BRF:0
BRH:0
end_of_record
TN:
SF:middlewares\errorHandler.js
FN:1,(anonymous_0)
FNF:1
FNH:1
FNDA:2,(anonymous_0)
DA:1,4
DA:3,2
DA:6,1
DA:7,1
DA:10,0
DA:11,0
DA:14,0
DA:15,0
DA:18,0
DA:19,0
DA:21,1
DA:27,4
LF:12
LH:6
BRDA:3,0,0,1
BRDA:3,0,1,0
BRDA:3,0,2,0
BRDA:3,0,3,0
BRDA:3,0,4,1
BRF:5
BRH:2
end_of_record
TN:
SF:middlewares\index.js
FN:5,(anonymous_0)
FN:5,(anonymous_0)
FNF:1
FNH:1
FNDA:2,(anonymous_0)
DA:1,4
DA:2,4
DA:3,4
DA:5,4
DA:6,2
DA:7,2
DA:9,2
DA:10,1
DA:12,1
DA:14,1
DA:18,1
DA:19,1
DA:22,1
DA:27,0
DA:29,2
DA:33,4
LF:16
LH:15
BRDA:9,0,0,1
BRDA:9,0,1,1
BRDA:12,1,0,0
BRDA:12,1,1,1
BRDA:12,2,0,1
BRDA:12,2,1,1
BRF:6
BRH:5
end_of_record
TN:
SF:models\routines.js
FN:7,(anonymous_0)
FN:18,(anonymous_1)
FN:27,(anonymous_2)
FN:36,(anonymous_3)
FNF:4
FNH:3
FNDA:1,(anonymous_0)
FNDA:1,(anonymous_1)
FNDA:2,(anonymous_2)
FNDA:0,(anonymous_3)
DA:2,4
DA:3,4
DA:8,1
DA:10,1
DA:13,1
DA:15,0
DA:19,1
DA:20,1
DA:21,1
DA:23,0
DA:28,2
DA:29,2
DA:30,2
DA:32,0
DA:37,0
DA:38,0
DA:39,0
DA:41,0
DA:48,4
LF:19
LH:12
BRF:0
BRH:0
end_of_record
TN:
SF:models\runningHistory.js
FN:6,(anonymous_0)
FN:9,(anonymous_1)
FN:29,(anonymous_2)
FNF:3
FNH:0
FNDA:0,(anonymous_0)
FNDA:0,(anonymous_1)
FNDA:0,(anonymous_2)
DA:1,4
DA:2,4
DA:3,4
DA:7,0
DA:8,0
DA:9,0
DA:10,0
DA:11,0
DA:15,0
DA:19,0
DA:22,0
DA:23,0
DA:25,0
DA:30,0
DA:31,0
DA:32,0
DA:34,0
DA:39,4
LF:18
LH:4
BRDA:10,0,0,0
BRDA:10,0,1,0
BRF:2
BRH:0
end_of_record
TN:
SF:routers\index.js
FNF:0
FNH:0
DA:2,4
DA:3,4
DA:4,4
DA:5,4
DA:6,4
DA:7,4
DA:7,4
DA:11,4
DA:12,4
DA:12,4
DA:14,4
DA:15,4
DA:15,4
DA:17,4
DA:18,4
DA:19,4
DA:20,4
DA:21,4
DA:24,4
DA:25,4
DA:30,4
DA:31,4
DA:20,4
DA:21,4
DA:24,4
DA:25,4
DA:30,4
DA:31,4
DA:35,4
DA:37,4
LF:21
LH:21
DA:37,4
LF:21
LH:21
BRF:0
BRH:0
end_of_record
