TN:
SF:app.js
FNF:0
FNH:0
DA:2,6
DA:4,6
DA:6,6
DA:7,6
DA:8,6
DA:10,6
DA:12,6
DA:14,6
DA:16,6
DA:18,6
DA:24,6
LF:11
LH:11
BRF:0
BRH:0
end_of_record
TN:
SF:config\mongoConn.js
FNF:0
FNH:0
DA:1,6
DA:2,6
DA:3,6
DA:4,6
DA:14,6
DA:16,6
LF:6
LH:6
BRF:0
BRH:0
end_of_record
TN:
SF:controllers\RoutineController.js
FN:8,(anonymous_0)
FN:30,(anonymous_1)
FN:46,(anonymous_2)
FN:71,(anonymous_3)
FNF:4
FNH:4
FNDA:2,(anonymous_0)
FNDA:2,(anonymous_1)
FNDA:1,(anonymous_2)
FNDA:2,(anonymous_3)
DA:2,6
DA:3,6
DA:4,6
DA:9,2
DA:11,2
DA:12,1
DA:13,1
DA:14,1
DA:18,1
DA:20,1
DA:23,1
DA:25,0
DA:31,2
DA:32,2
DA:33,2
DA:34,2
DA:35,1
DA:39,1
DA:42,0
DA:48,1
DA:50,1
DA:54,1
DA:55,1
DA:61,1
DA:63,1
DA:66,0
DA:67,0
DA:73,2
DA:76,2
DA:102,2
DA:103,1
DA:106,1
DA:108,0
DA:113,6
LF:34
LH:29
BRDA:11,0,0,1
BRDA:11,0,1,1
BRDA:34,1,0,1
BRDA:34,1,1,1
BRDA:102,2,0,1
BRDA:102,2,1,1
BRDA:102,3,0,2
BRDA:102,3,1,2
BRDA:102,3,2,2
BRF:9
BRH:9
end_of_record
TN:
SF:controllers\RunningHistoryController.js
FN:4,(anonymous_0)
FN:13,(anonymous_1)
FNF:2
FNH:2
FNDA:1,(anonymous_0)
FNDA:1,(anonymous_1)
DA:1,6
DA:5,1
DA:6,1
DA:7,1
DA:9,0
DA:14,1
DA:15,1
DA:16,1
DA:18,0
DA:23,6
LF:10
LH:8
BRF:0
BRH:0
end_of_record
TN:
SF:controllers\UserController.js
FN:9,(anonymous_0)
FN:27,validateEmailFormat
FN:50,(anonymous_2)
FN:106,(anonymous_3)
FNF:4
FNH:4
FNDA:9,(anonymous_0)
FNDA:3,validateEmailFormat
FNDA:3,(anonymous_2)
FNDA:1,(anonymous_3)
DA:1,6
DA:2,6
DA:4,6
DA:5,6
DA:6,6
DA:10,9
DA:11,9
DA:12,9
DA:13,9
DA:14,9
DA:15,8
DA:16,7
DA:17,6
DA:18,5
DA:19,4
DA:20,3
DA:28,3
DA:29,3
DA:32,3
DA:34,2
DA:36,2
DA:38,1
DA:40,1
DA:42,8
DA:43,8
DA:45,0
DA:51,3
DA:52,3
DA:53,3
DA:57,3
DA:58,3
DA:60,2
DA:62,2
DA:63,1
DA:65,1
DA:67,1
DA:69,1
DA:71,1
DA:84,1
DA:95,2
DA:96,2
DA:97,1
DA:98,1
DA:99,1
DA:101,0
DA:107,1
DA:108,1
DA:110,1
DA:116,1
DA:118,1
DA:120,0
DA:125,6
LF:52
LH:49
BRDA:14,0,0,1
BRDA:14,0,1,8
BRDA:15,1,0,1
BRDA:15,1,1,7
BRDA:16,2,0,1
BRDA:16,2,1,6
BRDA:17,3,0,1
BRDA:17,3,1,5
BRDA:18,4,0,1
BRDA:18,4,1,4
BRDA:19,5,0,1
BRDA:19,5,1,3
BRDA:32,6,0,1
BRDA:32,6,1,2
BRDA:36,7,0,1
BRDA:36,7,1,1
BRDA:42,8,0,8
BRDA:42,8,1,0
BRDA:57,9,0,0
BRDA:57,9,1,3
BRDA:58,10,0,1
BRDA:58,10,1,2
BRDA:62,11,0,1
BRDA:62,11,1,1
BRDA:63,12,0,0
BRDA:63,12,1,1
BRDA:67,13,0,0
BRDA:67,13,1,1
BRDA:69,14,0,0
BRDA:69,14,1,1
BRDA:96,15,0,1
BRDA:96,15,1,1
BRDA:98,16,0,1
BRDA:98,16,1,0
BRF:34
BRH:28
end_of_record
TN:
SF:helpers\index.js
FN:4,(anonymous_0)
FN:10,(anonymous_1)
FN:14,(anonymous_2)
FN:18,(anonymous_3)
FNF:4
FNH:4
FNDA:5,(anonymous_0)
FNDA:1,(anonymous_1)
FNDA:6,(anonymous_2)
FNDA:6,(anonymous_3)
DA:1,6
DA:2,6
DA:4,6
DA:5,5
DA:6,5
DA:7,5
DA:10,6
DA:11,1
DA:14,6
DA:15,6
DA:18,6
DA:19,6
DA:22,6
LF:13
LH:13
BRF:0
BRH:0
end_of_record
TN:
SF:middlewares\errorHandler.js
FN:1,(anonymous_0)
FNF:1
FNH:0
FNDA:0,(anonymous_0)
DA:1,6
DA:27,6
LF:2
LH:2
BRF:0
BRH:0
end_of_record
TN:
SF:middlewares\index.js
FN:5,(anonymous_0)
FNF:1
FNH:1
FNDA:6,(anonymous_0)
DA:1,6
DA:2,6
DA:3,6
DA:5,6
DA:6,6
DA:7,6
DA:8,6
DA:9,6
DA:11,6
DA:13,6
DA:15,6
DA:17,6
DA:21,6
DA:23,0
DA:27,6
LF:15
LH:14
BRDA:8,0,0,0
BRDA:8,0,1,6
BRDA:11,1,0,0
BRDA:11,1,1,6
BRDA:11,2,0,6
BRDA:11,2,1,6
BRF:6
BRH:4
end_of_record
TN:
SF:models\routines.js
FN:7,(anonymous_0)
FN:18,(anonymous_1)
FN:27,(anonymous_2)
FNF:3
FNH:3
FNDA:1,(anonymous_0)
FNDA:1,(anonymous_1)
FNDA:2,(anonymous_2)
DA:2,6
DA:3,6
DA:8,1
DA:10,1
DA:13,1
DA:15,0
DA:19,1
DA:20,1
DA:21,1
DA:23,0
DA:28,2
DA:29,2
DA:30,2
DA:32,0
DA:39,6
LF:15
LH:12
BRF:0
BRH:0
end_of_record
TN:
SF:models\runningHistory.js
FN:6,(anonymous_0)
FN:9,(anonymous_1)
FN:29,(anonymous_2)
FNF:3
FNH:2
FNDA:1,(anonymous_0)
FNDA:0,(anonymous_1)
FNDA:1,(anonymous_2)
DA:1,6
DA:2,6
DA:3,6
DA:7,1
DA:8,1
DA:9,1
DA:10,0
DA:11,0
DA:15,0
DA:19,0
DA:22,1
DA:23,1
DA:25,0
DA:30,1
DA:31,1
DA:32,1
DA:34,0
DA:39,6
LF:18
LH:12
BRDA:10,0,0,0
BRDA:10,0,1,0
BRF:2
BRH:0
end_of_record
TN:
SF:routers\index.js
FNF:0
FNH:0
DA:2,6
DA:3,6
DA:4,6
DA:5,6
DA:6,6
DA:7,6
DA:11,6
DA:12,6
DA:14,6
DA:15,6
DA:17,6
DA:18,6
DA:19,6
DA:20,6
DA:21,6
DA:24,6
DA:25,6
DA:30,6
DA:31,6
DA:35,6
DA:37,6
LF:21
LH:21
BRF:0
BRH:0
end_of_record
